\BOOKMARK [0][-]{chapter.1}{\376\377\0001\000\040\000D\000a\000t\000a\000\040\000S\000t\000r\000u\000c\000t\000u\000r\000e\000\040\000I\000n\000d\000e\000x}{}% 1
\BOOKMARK [1][-]{section.1.1}{\376\377\0001\000.\0001\000\040\000D\000a\000t\000a\000\040\000S\000t\000r\000u\000c\000t\000u\000r\000e\000s}{chapter.1}% 2
\BOOKMARK [0][-]{chapter.2}{\376\377\0002\000\040\000F\000i\000l\000e\000\040\000I\000n\000d\000e\000x}{}% 3
\BOOKMARK [1][-]{section.2.1}{\376\377\0002\000.\0001\000\040\000F\000i\000l\000e\000\040\000L\000i\000s\000t}{chapter.2}% 4
\BOOKMARK [0][-]{chapter.3}{\376\377\0003\000\040\000D\000a\000t\000a\000\040\000S\000t\000r\000u\000c\000t\000u\000r\000e\000\040\000D\000o\000c\000u\000m\000e\000n\000t\000a\000t\000i\000o\000n}{}% 5
\BOOKMARK [1][-]{section.3.1}{\376\377\0003\000.\0001\000\040\000D\000P\000C\000\137\000O\000b\000j\000e\000c\000t\000D\000e\000t\000e\000c\000t\000i\000o\000n\000\137\000M\000e\000m\000C\000f\000g\000\137\000t\000\040\000S\000t\000r\000u\000c\000t\000\040\000R\000e\000f\000e\000r\000e\000n\000c\000e}{chapter.3}% 6
\BOOKMARK [2][-]{subsection.3.1.1}{\376\377\0003\000.\0001\000.\0001\000\040\000D\000e\000t\000a\000i\000l\000e\000d\000\040\000D\000e\000s\000c\000r\000i\000p\000t\000i\000o\000n}{section.3.1}% 7
\BOOKMARK [1][-]{section.3.2}{\376\377\0003\000.\0002\000\040\000M\000e\000m\000P\000o\000o\000l\000O\000b\000j\000\137\000t\000\040\000S\000t\000r\000u\000c\000t\000\040\000R\000e\000f\000e\000r\000e\000n\000c\000e}{chapter.3}% 8
\BOOKMARK [2][-]{subsection.3.2.1}{\376\377\0003\000.\0002\000.\0001\000\040\000D\000e\000t\000a\000i\000l\000e\000d\000\040\000D\000e\000s\000c\000r\000i\000p\000t\000i\000o\000n}{section.3.2}% 9
\BOOKMARK [1][-]{section.3.3}{\376\377\0003\000.\0003\000\040\000M\000m\000w\000\137\000c\000a\000l\000i\000b\000D\000a\000t\000a\000\137\000t\000\040\000S\000t\000r\000u\000c\000t\000\040\000R\000e\000f\000e\000r\000e\000n\000c\000e}{chapter.3}% 10
\BOOKMARK [2][-]{subsection.3.3.1}{\376\377\0003\000.\0003\000.\0001\000\040\000D\000e\000t\000a\000i\000l\000e\000d\000\040\000D\000e\000s\000c\000r\000i\000p\000t\000i\000o\000n}{section.3.3}% 11
\BOOKMARK [1][-]{section.3.4}{\376\377\0003\000.\0004\000\040\000T\000\137\000S\000e\000n\000s\000P\000e\000r\000C\000h\000i\000r\000p\000L\000u\000t\000\040\000S\000t\000r\000u\000c\000t\000\040\000R\000e\000f\000e\000r\000e\000n\000c\000e}{chapter.3}% 12
\BOOKMARK [2][-]{subsection.3.4.1}{\376\377\0003\000.\0004\000.\0001\000\040\000D\000e\000t\000a\000i\000l\000e\000d\000\040\000D\000e\000s\000c\000r\000i\000p\000t\000i\000o\000n}{section.3.4}% 13
\BOOKMARK [0][-]{chapter.4}{\376\377\0004\000\040\000F\000i\000l\000e\000\040\000D\000o\000c\000u\000m\000e\000n\000t\000a\000t\000i\000o\000n}{}% 14
\BOOKMARK [1][-]{section.4.1}{\376\377\0004\000.\0001\000\040\000i\000n\000c\000l\000u\000d\000e\000/\000d\000e\000f\000i\000n\000e\000s\000.\000h\000\040\000F\000i\000l\000e\000\040\000R\000e\000f\000e\000r\000e\000n\000c\000e}{chapter.4}% 15
\BOOKMARK [2][-]{subsection.4.1.1}{\376\377\0004\000.\0001\000.\0001\000\040\000D\000e\000t\000a\000i\000l\000e\000d\000\040\000D\000e\000s\000c\000r\000i\000p\000t\000i\000o\000n}{section.4.1}% 16
\BOOKMARK [1][-]{section.4.2}{\376\377\0004\000.\0002\000\040\000d\000e\000f\000i\000n\000e\000s\000.\000h}{chapter.4}% 17
\BOOKMARK [1][-]{section.4.3}{\376\377\0004\000.\0003\000\040\000i\000n\000c\000l\000u\000d\000e\000/\000d\000p\000u\000\137\000r\000e\000s\000.\000h\000\040\000F\000i\000l\000e\000\040\000R\000e\000f\000e\000r\000e\000n\000c\000e}{chapter.4}% 18
\BOOKMARK [2][-]{subsection.4.3.1}{\376\377\0004\000.\0003\000.\0001\000\040\000D\000e\000t\000a\000i\000l\000e\000d\000\040\000D\000e\000s\000c\000r\000i\000p\000t\000i\000o\000n}{section.4.3}% 19
\BOOKMARK [1][-]{section.4.4}{\376\377\0004\000.\0004\000\040\000d\000p\000u\000\137\000r\000e\000s\000.\000h}{chapter.4}% 20
\BOOKMARK [1][-]{section.4.5}{\376\377\0004\000.\0005\000\040\000i\000n\000c\000l\000u\000d\000e\000/\000f\000a\000c\000t\000o\000r\000y\000\137\000c\000a\000l\000.\000h\000\040\000F\000i\000l\000e\000\040\000R\000e\000f\000e\000r\000e\000n\000c\000e}{chapter.4}% 21
\BOOKMARK [2][-]{subsection.4.5.1}{\376\377\0004\000.\0005\000.\0001\000\040\000D\000e\000t\000a\000i\000l\000e\000d\000\040\000D\000e\000s\000c\000r\000i\000p\000t\000i\000o\000n}{section.4.5}% 22
\BOOKMARK [2][-]{subsection.4.5.2}{\376\377\0004\000.\0005\000.\0002\000\040\000M\000a\000c\000r\000o\000\040\000D\000e\000f\000i\000n\000i\000t\000i\000o\000n\000\040\000D\000o\000c\000u\000m\000e\000n\000t\000a\000t\000i\000o\000n}{section.4.5}% 23
\BOOKMARK [3][-]{subsubsection.4.5.2.1}{\376\377\0004\000.\0005\000.\0002\000.\0001\000\040\000M\000M\000W\000D\000E\000M\000O\000\137\000C\000A\000L\000I\000B\000\137\000S\000T\000O\000R\000E\000\137\000M\000A\000G\000I\000C}{subsection.4.5.2}% 24
\BOOKMARK [2][-]{subsection.4.5.3}{\376\377\0004\000.\0005\000.\0003\000\040\000T\000y\000p\000e\000d\000e\000f\000\040\000D\000o\000c\000u\000m\000e\000n\000t\000a\000t\000i\000o\000n}{section.4.5}% 25
\BOOKMARK [3][-]{subsubsection.4.5.3.1}{\376\377\0004\000.\0005\000.\0003\000.\0001\000\040\000M\000m\000w\000\137\000c\000a\000l\000i\000b\000D\000a\000t\000a}{subsection.4.5.3}% 26
\BOOKMARK [2][-]{subsection.4.5.4}{\376\377\0004\000.\0005\000.\0004\000\040\000F\000u\000n\000c\000t\000i\000o\000n\000\040\000D\000o\000c\000u\000m\000e\000n\000t\000a\000t\000i\000o\000n}{section.4.5}% 27
\BOOKMARK [3][-]{subsubsection.4.5.4.1}{\376\377\0004\000.\0005\000.\0004\000.\0001\000\040\000r\000e\000s\000t\000o\000r\000e\000F\000a\000c\000t\000o\000r\000y\000C\000a\000l\000\050\000\051}{subsection.4.5.4}% 28
\BOOKMARK [1][-]{section.4.6}{\376\377\0004\000.\0006\000\040\000f\000a\000c\000t\000o\000r\000y\000\137\000c\000a\000l\000.\000h}{chapter.4}% 29
\BOOKMARK [1][-]{section.4.7}{\376\377\0004\000.\0007\000\040\000i\000n\000c\000l\000u\000d\000e\000/\000m\000e\000m\000\137\000p\000o\000o\000l\000.\000h\000\040\000F\000i\000l\000e\000\040\000R\000e\000f\000e\000r\000e\000n\000c\000e}{chapter.4}% 30
\BOOKMARK [2][-]{subsection.4.7.1}{\376\377\0004\000.\0007\000.\0001\000\040\000D\000e\000t\000a\000i\000l\000e\000d\000\040\000D\000e\000s\000c\000r\000i\000p\000t\000i\000o\000n}{section.4.7}% 31
\BOOKMARK [2][-]{subsection.4.7.2}{\376\377\0004\000.\0007\000.\0002\000\040\000M\000a\000c\000r\000o\000\040\000D\000e\000f\000i\000n\000i\000t\000i\000o\000n\000\040\000D\000o\000c\000u\000m\000e\000n\000t\000a\000t\000i\000o\000n}{section.4.7}% 32
\BOOKMARK [3][-]{subsubsection.4.7.2.1}{\376\377\0004\000.\0007\000.\0002\000.\0001\000\040\000M\000E\000M\000\137\000A\000L\000I\000G\000N}{subsection.4.7.2}% 33
\BOOKMARK [2][-]{subsection.4.7.3}{\376\377\0004\000.\0007\000.\0003\000\040\000F\000u\000n\000c\000t\000i\000o\000n\000\040\000D\000o\000c\000u\000m\000e\000n\000t\000a\000t\000i\000o\000n}{section.4.7}% 34
\BOOKMARK [3][-]{subsubsection.4.7.3.1}{\376\377\0004\000.\0007\000.\0003\000.\0001\000\040\000D\000P\000C\000\137\000O\000b\000j\000D\000e\000t\000\137\000M\000e\000m\000P\000o\000o\000l\000A\000l\000l\000o\000c\000\050\000\051}{subsection.4.7.3}% 35
\BOOKMARK [3][-]{subsubsection.4.7.3.2}{\376\377\0004\000.\0007\000.\0003\000.\0002\000\040\000D\000P\000C\000\137\000O\000b\000j\000D\000e\000t\000\137\000M\000e\000m\000P\000o\000o\000l\000G\000e\000t\000M\000a\000x\000U\000s\000a\000g\000e\000\050\000\051}{subsection.4.7.3}% 36
\BOOKMARK [3][-]{subsubsection.4.7.3.3}{\376\377\0004\000.\0007\000.\0003\000.\0003\000\040\000D\000P\000C\000\137\000O\000b\000j\000D\000e\000t\000\137\000M\000e\000m\000P\000o\000o\000l\000R\000e\000s\000e\000t\000\050\000\051}{subsection.4.7.3}% 37
\BOOKMARK [1][-]{section.4.8}{\376\377\0004\000.\0008\000\040\000m\000e\000m\000\137\000p\000o\000o\000l\000.\000h}{chapter.4}% 38
\BOOKMARK [1][-]{section.4.9}{\376\377\0004\000.\0009\000\040\000m\000m\000w\000a\000v\000e\000\137\000b\000a\000s\000i\000c\000.\000h}{chapter.4}% 39
\BOOKMARK [1][-]{section.4.10}{\376\377\0004\000.\0001\0000\000\040\000m\000m\000w\000a\000v\000e\000\137\000c\000o\000n\000t\000r\000o\000l\000\137\000c\000o\000n\000f\000i\000g\000.\000h}{chapter.4}% 40
\BOOKMARK [1][-]{section.4.11}{\376\377\0004\000.\0001\0001\000\040\000i\000n\000c\000l\000u\000d\000e\000/\000r\000a\000n\000g\000e\000p\000r\000o\000c\000\137\000d\000p\000c\000.\000h\000\040\000F\000i\000l\000e\000\040\000R\000e\000f\000e\000r\000e\000n\000c\000e}{chapter.4}% 41
\BOOKMARK [2][-]{subsection.4.11.1}{\376\377\0004\000.\0001\0001\000.\0001\000\040\000D\000e\000t\000a\000i\000l\000e\000d\000\040\000D\000e\000s\000c\000r\000i\000p\000t\000i\000o\000n}{section.4.11}% 42
\BOOKMARK [2][-]{subsection.4.11.2}{\376\377\0004\000.\0001\0001\000.\0002\000\040\000F\000u\000n\000c\000t\000i\000o\000n\000\040\000D\000o\000c\000u\000m\000e\000n\000t\000a\000t\000i\000o\000n}{section.4.11}% 43
\BOOKMARK [3][-]{subsubsection.4.11.2.1}{\376\377\0004\000.\0001\0001\000.\0002\000.\0001\000\040\000c\000h\000i\000r\000p\000S\000t\000a\000r\000t\000I\000S\000R\000\050\000\051}{subsection.4.11.2}% 44
\BOOKMARK [3][-]{subsubsection.4.11.2.2}{\376\377\0004\000.\0001\0001\000.\0002\000.\0002\000\040\000d\000p\000c\000T\000a\000s\000k\000\050\000\051}{subsection.4.11.2}% 45
\BOOKMARK [3][-]{subsubsection.4.11.2.3}{\376\377\0004\000.\0001\0001\000.\0002\000.\0003\000\040\000R\000a\000n\000g\000e\000P\000r\000o\000c\000\137\000c\000o\000n\000f\000i\000g\000\050\000\051}{subsection.4.11.2}% 46
\BOOKMARK [3][-]{subsubsection.4.11.2.4}{\376\377\0004\000.\0001\0001\000.\0002\000.\0004\000\040\000r\000a\000n\000g\000e\000P\000r\000o\000c\000\137\000d\000p\000u\000I\000n\000i\000t\000\050\000\051}{subsection.4.11.2}% 47
\BOOKMARK [3][-]{subsubsection.4.11.2.5}{\376\377\0004\000.\0001\0001\000.\0002\000.\0005\000\040\000r\000a\000n\000g\000e\000p\000r\000o\000c\000\137\000m\000a\000i\000n\000\050\000\051}{subsection.4.11.2}% 48
\BOOKMARK [3][-]{subsubsection.4.11.2.6}{\376\377\0004\000.\0001\0001\000.\0002\000.\0006\000\040\000r\000e\000g\000i\000s\000t\000e\000r\000C\000h\000i\000r\000p\000A\000v\000a\000i\000l\000a\000b\000l\000e\000I\000n\000t\000e\000r\000r\000u\000p\000t\000s\000\050\000\051}{subsection.4.11.2}% 49
\BOOKMARK [3][-]{subsubsection.4.11.2.7}{\376\377\0004\000.\0001\0001\000.\0002\000.\0007\000\040\000r\000e\000g\000i\000s\000t\000e\000r\000C\000h\000i\000r\000p\000I\000n\000t\000e\000r\000r\000u\000p\000t\000\050\000\051}{subsection.4.11.2}% 50
\BOOKMARK [3][-]{subsubsection.4.11.2.8}{\376\377\0004\000.\0001\0001\000.\0002\000.\0008\000\040\000r\000e\000g\000i\000s\000t\000e\000r\000F\000r\000a\000m\000e\000S\000t\000a\000r\000t\000I\000n\000t\000e\000r\000r\000u\000p\000t\000\050\000\051}{subsection.4.11.2}% 51
\BOOKMARK [3][-]{subsubsection.4.11.2.9}{\376\377\0004\000.\0001\0001\000.\0002\000.\0009\000\040\000u\000a\000r\000t\000T\000a\000s\000k\000\050\000\051}{subsection.4.11.2}% 52
\BOOKMARK [2][-]{subsection.4.11.3}{\376\377\0004\000.\0001\0001\000.\0003\000\040\000V\000a\000r\000i\000a\000b\000l\000e\000\040\000D\000o\000c\000u\000m\000e\000n\000t\000a\000t\000i\000o\000n}{section.4.11}% 53
\BOOKMARK [3][-]{subsubsection.4.11.3.1}{\376\377\0004\000.\0001\0001\000.\0003\000.\0001\000\040\000r\000a\000n\000g\000e\000P\000r\000o\000c\000H\000W\000A\000D\000p\000u\000H\000a\000n\000d\000l\000e}{subsection.4.11.3}% 54
\BOOKMARK [1][-]{section.4.12}{\376\377\0004\000.\0001\0002\000\040\000r\000a\000n\000g\000e\000p\000r\000o\000c\000\137\000d\000p\000c\000.\000h}{chapter.4}% 55
\BOOKMARK [1][-]{section.4.13}{\376\377\0004\000.\0001\0003\000\040\000i\000n\000c\000l\000u\000d\000e\000/\000u\000a\000r\000t\000\137\000t\000r\000a\000n\000s\000m\000i\000t\000.\000h\000\040\000F\000i\000l\000e\000\040\000R\000e\000f\000e\000r\000e\000n\000c\000e}{chapter.4}% 56
\BOOKMARK [2][-]{subsection.4.13.1}{\376\377\0004\000.\0001\0003\000.\0001\000\040\000D\000e\000t\000a\000i\000l\000e\000d\000\040\000D\000e\000s\000c\000r\000i\000p\000t\000i\000o\000n}{section.4.13}% 57
\BOOKMARK [2][-]{subsection.4.13.2}{\376\377\0004\000.\0001\0003\000.\0002\000\040\000F\000u\000n\000c\000t\000i\000o\000n\000\040\000D\000o\000c\000u\000m\000e\000n\000t\000a\000t\000i\000o\000n}{section.4.13}% 58
\BOOKMARK [3][-]{subsubsection.4.13.2.1}{\376\377\0004\000.\0001\0003\000.\0002\000.\0001\000\040\000u\000a\000r\000t\000\137\000t\000r\000a\000n\000s\000m\000i\000t\000\137\000l\000o\000o\000p\000\050\000\051}{subsection.4.13.2}% 59
\BOOKMARK [2][-]{subsection.4.13.3}{\376\377\0004\000.\0001\0003\000.\0003\000\040\000V\000a\000r\000i\000a\000b\000l\000e\000\040\000D\000o\000c\000u\000m\000e\000n\000t\000a\000t\000i\000o\000n}{section.4.13}% 60
\BOOKMARK [3][-]{subsubsection.4.13.3.1}{\376\377\0004\000.\0001\0003\000.\0003\000.\0001\000\040\000u\000a\000r\000t\000\137\000t\000x\000\137\000d\000o\000n\000e\000\137\000s\000e\000m}{subsection.4.13.3}% 61
\BOOKMARK [3][-]{subsubsection.4.13.3.2}{\376\377\0004\000.\0001\0003\000.\0003\000.\0002\000\040\000u\000a\000r\000t\000\137\000t\000x\000\137\000s\000t\000a\000r\000t\000\137\000s\000e\000m}{subsection.4.13.3}% 62
\BOOKMARK [1][-]{section.4.14}{\376\377\0004\000.\0001\0004\000\040\000u\000a\000r\000t\000\137\000t\000r\000a\000n\000s\000m\000i\000t\000.\000h}{chapter.4}% 63
\BOOKMARK [1][-]{section.4.15}{\376\377\0004\000.\0001\0005\000\040\000s\000r\000c\000/\000f\000a\000c\000t\000o\000r\000y\000\137\000c\000a\000l\000.\000c\000\040\000F\000i\000l\000e\000\040\000R\000e\000f\000e\000r\000e\000n\000c\000e}{chapter.4}% 64
\BOOKMARK [2][-]{subsection.4.15.1}{\376\377\0004\000.\0001\0005\000.\0001\000\040\000D\000e\000t\000a\000i\000l\000e\000d\000\040\000D\000e\000s\000c\000r\000i\000p\000t\000i\000o\000n}{section.4.15}% 65
\BOOKMARK [2][-]{subsection.4.15.2}{\376\377\0004\000.\0001\0005\000.\0002\000\040\000F\000u\000n\000c\000t\000i\000o\000n\000\040\000D\000o\000c\000u\000m\000e\000n\000t\000a\000t\000i\000o\000n}{section.4.15}% 66
\BOOKMARK [3][-]{subsubsection.4.15.2.1}{\376\377\0004\000.\0001\0005\000.\0002\000.\0001\000\040\000r\000e\000s\000t\000o\000r\000e\000F\000a\000c\000t\000o\000r\000y\000C\000a\000l\000\050\000\051}{subsection.4.15.2}% 67
\BOOKMARK [1][-]{section.4.16}{\376\377\0004\000.\0001\0006\000\040\000s\000r\000c\000/\000m\000a\000i\000n\000.\000c\000\040\000F\000i\000l\000e\000\040\000R\000e\000f\000e\000r\000e\000n\000c\000e}{chapter.4}% 68
\BOOKMARK [2][-]{subsection.4.16.1}{\376\377\0004\000.\0001\0006\000.\0001\000\040\000D\000e\000t\000a\000i\000l\000e\000d\000\040\000D\000e\000s\000c\000r\000i\000p\000t\000i\000o\000n}{section.4.16}% 69
\BOOKMARK [2][-]{subsection.4.16.2}{\376\377\0004\000.\0001\0006\000.\0002\000\040\000V\000a\000r\000i\000a\000b\000l\000e\000\040\000D\000o\000c\000u\000m\000e\000n\000t\000a\000t\000i\000o\000n}{section.4.16}% 70
\BOOKMARK [3][-]{subsubsection.4.16.2.1}{\376\377\0004\000.\0001\0006\000.\0002\000.\0001\000\040\000u\000a\000r\000t\000\137\000t\000x\000\137\000d\000o\000n\000e\000\137\000s\000e\000m}{subsection.4.16.2}% 71
\BOOKMARK [3][-]{subsubsection.4.16.2.2}{\376\377\0004\000.\0001\0006\000.\0002\000.\0002\000\040\000u\000a\000r\000t\000\137\000t\000x\000\137\000s\000t\000a\000r\000t\000\137\000s\000e\000m}{subsection.4.16.2}% 72
\BOOKMARK [1][-]{section.4.17}{\376\377\0004\000.\0001\0007\000\040\000s\000r\000c\000/\000m\000e\000m\000\137\000p\000o\000o\000l\000.\000c\000\040\000F\000i\000l\000e\000\040\000R\000e\000f\000e\000r\000e\000n\000c\000e}{chapter.4}% 73
\BOOKMARK [2][-]{subsection.4.17.1}{\376\377\0004\000.\0001\0007\000.\0001\000\040\000D\000e\000t\000a\000i\000l\000e\000d\000\040\000D\000e\000s\000c\000r\000i\000p\000t\000i\000o\000n}{section.4.17}% 74
\BOOKMARK [2][-]{subsection.4.17.2}{\376\377\0004\000.\0001\0007\000.\0002\000\040\000F\000u\000n\000c\000t\000i\000o\000n\000\040\000D\000o\000c\000u\000m\000e\000n\000t\000a\000t\000i\000o\000n}{section.4.17}% 75
\BOOKMARK [3][-]{subsubsection.4.17.2.1}{\376\377\0004\000.\0001\0007\000.\0002\000.\0001\000\040\000D\000P\000C\000\137\000O\000b\000j\000D\000e\000t\000\137\000M\000e\000m\000P\000o\000o\000l\000A\000l\000l\000o\000c\000\050\000\051}{subsection.4.17.2}% 76
\BOOKMARK [3][-]{subsubsection.4.17.2.2}{\376\377\0004\000.\0001\0007\000.\0002\000.\0002\000\040\000D\000P\000C\000\137\000O\000b\000j\000D\000e\000t\000\137\000M\000e\000m\000P\000o\000o\000l\000G\000e\000t\000M\000a\000x\000U\000s\000a\000g\000e\000\050\000\051}{subsection.4.17.2}% 77
\BOOKMARK [3][-]{subsubsection.4.17.2.3}{\376\377\0004\000.\0001\0007\000.\0002\000.\0003\000\040\000D\000P\000C\000\137\000O\000b\000j\000D\000e\000t\000\137\000M\000e\000m\000P\000o\000o\000l\000R\000e\000s\000e\000t\000\050\000\051}{subsection.4.17.2}% 78
\BOOKMARK [1][-]{section.4.18}{\376\377\0004\000.\0001\0008\000\040\000s\000r\000c\000/\000m\000m\000w\000a\000v\000e\000\137\000b\000a\000s\000i\000c\000.\000c\000\040\000F\000i\000l\000e\000\040\000R\000e\000f\000e\000r\000e\000n\000c\000e}{chapter.4}% 79
\BOOKMARK [2][-]{subsection.4.18.1}{\376\377\0004\000.\0001\0008\000.\0001\000\040\000D\000e\000t\000a\000i\000l\000e\000d\000\040\000D\000e\000s\000c\000r\000i\000p\000t\000i\000o\000n}{section.4.18}% 80
\BOOKMARK [2][-]{subsection.4.18.2}{\376\377\0004\000.\0001\0008\000.\0002\000\040\000F\000u\000n\000c\000t\000i\000o\000n\000\040\000D\000o\000c\000u\000m\000e\000n\000t\000a\000t\000i\000o\000n}{section.4.18}% 81
\BOOKMARK [3][-]{subsubsection.4.18.2.1}{\376\377\0004\000.\0001\0008\000.\0002\000.\0001\000\040\000m\000e\000m\000p\000o\000o\000l\000\137\000i\000n\000i\000t\000\050\000\051}{subsection.4.18.2}% 82
\BOOKMARK [3][-]{subsubsection.4.18.2.2}{\376\377\0004\000.\0001\0008\000.\0002\000.\0002\000\040\000M\000m\000w\000a\000v\000e\000\137\000p\000o\000p\000u\000l\000a\000t\000e\000D\000e\000f\000a\000u\000l\000t\000C\000a\000l\000i\000b\000r\000a\000t\000i\000o\000n\000C\000f\000g\000\050\000\051}{subsection.4.18.2}% 83
\BOOKMARK [3][-]{subsubsection.4.18.2.3}{\376\377\0004\000.\0001\0008\000.\0002\000.\0003\000\040\000M\000m\000w\000a\000v\000e\000\137\000p\000o\000p\000u\000l\000a\000t\000e\000D\000e\000f\000a\000u\000l\000t\000C\000h\000i\000r\000p\000C\000o\000n\000t\000r\000o\000l\000C\000f\000g\000\050\000\051}{subsection.4.18.2}% 84
\BOOKMARK [3][-]{subsubsection.4.18.2.4}{\376\377\0004\000.\0001\0008\000.\0002\000.\0004\000\040\000M\000m\000w\000a\000v\000e\000\137\000p\000o\000p\000u\000l\000a\000t\000e\000D\000e\000f\000a\000u\000l\000t\000O\000p\000e\000n\000C\000f\000g\000\050\000\051}{subsection.4.18.2}% 85
\BOOKMARK [3][-]{subsubsection.4.18.2.5}{\376\377\0004\000.\0001\0008\000.\0002\000.\0005\000\040\000M\000m\000w\000a\000v\000e\000\137\000p\000o\000p\000u\000l\000a\000t\000e\000D\000e\000f\000a\000u\000l\000t\000S\000t\000a\000r\000t\000C\000f\000g\000\050\000\051}{subsection.4.18.2}% 86
\BOOKMARK [1][-]{section.4.19}{\376\377\0004\000.\0001\0009\000\040\000s\000r\000c\000/\000m\000m\000w\000a\000v\000e\000\137\000c\000o\000n\000t\000r\000o\000l\000\137\000c\000o\000n\000f\000i\000g\000.\000c\000\040\000F\000i\000l\000e\000\040\000R\000e\000f\000e\000r\000e\000n\000c\000e}{chapter.4}% 87
\BOOKMARK [2][-]{subsection.4.19.1}{\376\377\0004\000.\0001\0009\000.\0001\000\040\000D\000e\000t\000a\000i\000l\000e\000d\000\040\000D\000e\000s\000c\000r\000i\000p\000t\000i\000o\000n}{section.4.19}% 88
\BOOKMARK [2][-]{subsection.4.19.2}{\376\377\0004\000.\0001\0009\000.\0002\000\040\000F\000u\000n\000c\000t\000i\000o\000n\000\040\000D\000o\000c\000u\000m\000e\000n\000t\000a\000t\000i\000o\000n}{section.4.19}% 89
\BOOKMARK [3][-]{subsubsection.4.19.2.1}{\376\377\0004\000.\0001\0009\000.\0002\000.\0001\000\040\000M\000M\000W\000a\000v\000e\000\137\000p\000o\000p\000u\000l\000a\000t\000e\000C\000h\000a\000n\000n\000e\000l\000C\000f\000g\000\050\000\051}{subsection.4.19.2}% 90
\BOOKMARK [3][-]{subsubsection.4.19.2.2}{\376\377\0004\000.\0001\0009\000.\0002\000.\0002\000\040\000M\000m\000w\000a\000v\000e\000\137\000p\000o\000p\000u\000l\000a\000t\000e\000D\000e\000f\000a\000u\000l\000t\000C\000a\000l\000i\000b\000r\000a\000t\000i\000o\000n\000C\000f\000g\000\050\000\051}{subsection.4.19.2}% 91
\BOOKMARK [3][-]{subsubsection.4.19.2.3}{\376\377\0004\000.\0001\0009\000.\0002\000.\0003\000\040\000M\000m\000w\000a\000v\000e\000\137\000p\000o\000p\000u\000l\000a\000t\000e\000D\000e\000f\000a\000u\000l\000t\000C\000h\000i\000r\000p\000C\000o\000n\000t\000r\000o\000l\000C\000f\000g\000\050\000\051}{subsection.4.19.2}% 92
\BOOKMARK [3][-]{subsubsection.4.19.2.4}{\376\377\0004\000.\0001\0009\000.\0002\000.\0004\000\040\000M\000m\000w\000a\000v\000e\000\137\000p\000o\000p\000u\000l\000a\000t\000e\000D\000e\000f\000a\000u\000l\000t\000O\000p\000e\000n\000C\000f\000g\000\050\000\051}{subsection.4.19.2}% 93
\BOOKMARK [3][-]{subsubsection.4.19.2.5}{\376\377\0004\000.\0001\0009\000.\0002\000.\0005\000\040\000M\000m\000w\000a\000v\000e\000\137\000p\000o\000p\000u\000l\000a\000t\000e\000D\000e\000f\000a\000u\000l\000t\000S\000t\000a\000r\000t\000C\000f\000g\000\050\000\051}{subsection.4.19.2}% 94
\BOOKMARK [1][-]{section.4.20}{\376\377\0004\000.\0002\0000\000\040\000s\000r\000c\000/\000r\000a\000n\000g\000e\000p\000r\000o\000c\000\137\000d\000p\000c\000.\000c\000\040\000F\000i\000l\000e\000\040\000R\000e\000f\000e\000r\000e\000n\000c\000e}{chapter.4}% 95
\BOOKMARK [2][-]{subsection.4.20.1}{\376\377\0004\000.\0002\0000\000.\0001\000\040\000D\000e\000t\000a\000i\000l\000e\000d\000\040\000D\000e\000s\000c\000r\000i\000p\000t\000i\000o\000n}{section.4.20}% 96
\BOOKMARK [2][-]{subsection.4.20.2}{\376\377\0004\000.\0002\0000\000.\0002\000\040\000F\000u\000n\000c\000t\000i\000o\000n\000\040\000D\000o\000c\000u\000m\000e\000n\000t\000a\000t\000i\000o\000n}{section.4.20}% 97
\BOOKMARK [3][-]{subsubsection.4.20.2.1}{\376\377\0004\000.\0002\0000\000.\0002\000.\0001\000\040\000c\000h\000i\000r\000p\000S\000t\000a\000r\000t\000I\000S\000R\000\050\000\051}{subsection.4.20.2}% 98
\BOOKMARK [3][-]{subsubsection.4.20.2.2}{\376\377\0004\000.\0002\0000\000.\0002\000.\0002\000\040\000d\000p\000c\000T\000a\000s\000k\000\050\000\051}{subsection.4.20.2}% 99
\BOOKMARK [3][-]{subsubsection.4.20.2.3}{\376\377\0004\000.\0002\0000\000.\0002\000.\0003\000\040\000R\000a\000n\000g\000e\000P\000r\000o\000c\000\137\000c\000o\000n\000f\000i\000g\000\050\000\051}{subsection.4.20.2}% 100
\BOOKMARK [3][-]{subsubsection.4.20.2.4}{\376\377\0004\000.\0002\0000\000.\0002\000.\0004\000\040\000r\000a\000n\000g\000e\000P\000r\000o\000c\000\137\000d\000p\000u\000I\000n\000i\000t\000\050\000\051}{subsection.4.20.2}% 101
\BOOKMARK [3][-]{subsubsection.4.20.2.5}{\376\377\0004\000.\0002\0000\000.\0002\000.\0005\000\040\000r\000e\000g\000i\000s\000t\000e\000r\000C\000h\000i\000r\000p\000A\000v\000a\000i\000l\000a\000b\000l\000e\000I\000n\000t\000e\000r\000r\000u\000p\000t\000s\000\050\000\051}{subsection.4.20.2}% 102
\BOOKMARK [3][-]{subsubsection.4.20.2.6}{\376\377\0004\000.\0002\0000\000.\0002\000.\0006\000\040\000r\000e\000g\000i\000s\000t\000e\000r\000C\000h\000i\000r\000p\000I\000n\000t\000e\000r\000r\000u\000p\000t\000\050\000\051}{subsection.4.20.2}% 103
\BOOKMARK [3][-]{subsubsection.4.20.2.7}{\376\377\0004\000.\0002\0000\000.\0002\000.\0007\000\040\000r\000e\000g\000i\000s\000t\000e\000r\000F\000r\000a\000m\000e\000S\000t\000a\000r\000t\000I\000n\000t\000e\000r\000r\000u\000p\000t\000\050\000\051}{subsection.4.20.2}% 104
\BOOKMARK [3][-]{subsubsection.4.20.2.8}{\376\377\0004\000.\0002\0000\000.\0002\000.\0008\000\040\000u\000a\000r\000t\000T\000a\000s\000k\000\050\000\051}{subsection.4.20.2}% 105
\BOOKMARK [2][-]{subsection.4.20.3}{\376\377\0004\000.\0002\0000\000.\0003\000\040\000V\000a\000r\000i\000a\000b\000l\000e\000\040\000D\000o\000c\000u\000m\000e\000n\000t\000a\000t\000i\000o\000n}{section.4.20}% 106
\BOOKMARK [3][-]{subsubsection.4.20.3.1}{\376\377\0004\000.\0002\0000\000.\0003\000.\0001\000\040\000r\000a\000n\000g\000e\000P\000r\000o\000c\000H\000W\000A\000D\000p\000u\000H\000a\000n\000d\000l\000e}{subsection.4.20.3}% 107
\BOOKMARK [1][-]{section.4.21}{\376\377\0004\000.\0002\0001\000\040\000s\000r\000c\000/\000u\000a\000r\000t\000\137\000t\000r\000a\000n\000s\000m\000i\000t\000.\000c\000\040\000F\000i\000l\000e\000\040\000R\000e\000f\000e\000r\000e\000n\000c\000e}{chapter.4}% 108
\BOOKMARK [2][-]{subsection.4.21.1}{\376\377\0004\000.\0002\0001\000.\0001\000\040\000D\000e\000t\000a\000i\000l\000e\000d\000\040\000D\000e\000s\000c\000r\000i\000p\000t\000i\000o\000n}{section.4.21}% 109
\BOOKMARK [2][-]{subsection.4.21.2}{\376\377\0004\000.\0002\0001\000.\0002\000\040\000F\000u\000n\000c\000t\000i\000o\000n\000\040\000D\000o\000c\000u\000m\000e\000n\000t\000a\000t\000i\000o\000n}{section.4.21}% 110
\BOOKMARK [3][-]{subsubsection.4.21.2.1}{\376\377\0004\000.\0002\0001\000.\0002\000.\0001\000\040\000u\000a\000r\000t\000\137\000t\000r\000a\000n\000s\000m\000i\000t\000\137\000l\000o\000o\000p\000\050\000\051}{subsection.4.21.2}% 111
\BOOKMARK [2][-]{subsection.4.21.3}{\376\377\0004\000.\0002\0001\000.\0003\000\040\000V\000a\000r\000i\000a\000b\000l\000e\000\040\000D\000o\000c\000u\000m\000e\000n\000t\000a\000t\000i\000o\000n}{section.4.21}% 112
\BOOKMARK [3][-]{subsubsection.4.21.3.1}{\376\377\0004\000.\0002\0001\000.\0003\000.\0001\000\040\000h\000e\000a\000d\000e\000r}{subsection.4.21.3}% 113
\BOOKMARK [0][-]{section*.37}{\376\377\000I\000n\000d\000e\000x}{}% 114
